<?xml version="1.0" encoding="UTF-8"?>
<!-- Generated by org.testng.reporters.JUnitReportReporter -->
<testsuite hostname="Akshay" failures="0" tests="1" name="com.Test.Test_3waits" time="3.878" errors="0" timestamp="2022-06-20T21:55:37 IST" skipped="0">
  <testcase classname="com.Test.Test_3waits" name="test_001" time="3.878"/>
  <system-out/>
</testsuite> <!-- com.Test.Test_3waits -->
