<?xml version="1.0" encoding="UTF-8"?>
<!-- Generated by org.testng.reporters.JUnitReportReporter -->
<testsuite hostname="Akshay" failures="0" tests="1" name="com.Test.Test_2" time="0.521" errors="0" timestamp="2022-06-19T22:39:21 IST" skipped="0">
  <testcase classname="com.Test.Test_2" name="Test_001" time="0.521"/>
  <system-out/>
</testsuite> <!-- com.Test.Test_2 -->
